<?xml version="1.0" encoding="UTF-8"?>
<testsuite xmlns:xsi="http://www.w3.org/2001/XMLSchema-instance" xsi:noNamespaceSchemaLocation="https://maven.apache.org/surefire/maven-surefire-plugin/xsd/surefire-test-report-3.0.xsd" version="3.0" name="PlayerTest" time="0.192" tests="6" errors="0" skipped="0" failures="0">
  <properties>
[...]
</properties>
  <testcase name="testPlayerInitialization" classname="PlayerTest" time="0.009"/>
  <testcase name="testCalculateAttackDamage" classname="PlayerTest" time="0.0"/>
  <testcase name="testRollDice" classname="PlayerTest" time="0.0"/>
  <testcase name="testReduceHealth" classname="PlayerTest" time="0.002"/>
  <testcase name="testIsAlive" classname="PlayerTest" time="0.0"/>
  <testcase name="testCalculateDefenseStrength" classname="PlayerTest" time="0.0"/>
</testsuite>