<?xml version="1.0" encoding="UTF-8"?>
<testsuite xmlns:xsi="http://www.w3.org/2001/XMLSchema-instance" xsi:noNamespaceSchemaLocation="https://maven.apache.org/surefire/maven-surefire-plugin/xsd/surefire-test-report-3.0.xsd" version="3.0" name="MagicalArenaTest" time="1.565" tests="4" errors="0" skipped="0" failures="0">
  <properties>
[...]
</properties>
  <testcase name="testRunMatchWithEqualHealth" classname="MagicalArenaTest" time="0.099">
    <system-out><![CDATA[Player A attacks with dice roll 1
Attack damage: 10
Player B defends with dice roll 2
Defense strength: 20
Player B's health reduced by 0 to 50
----------------------------------
Player B attacks with dice roll 2
Attack damage: 10
Player A defends with dice roll 5
Defense strength: 25
Player A's health reduced by 0 to 50
----------------------------------
Player A attacks with dice roll 3
Attack damage: 30
Player B defends with dice roll 4
Defense strength: 40
Player B's health reduced by 0 to 50
----------------------------------
Player B attacks with dice roll 6
Attack damage: 30
Player A defends with dice roll 1
Defense strength: 5
Player A's health reduced by 25 to 25
----------------------------------
Player A attacks with dice roll 2
Attack damage: 20
Player B defends with dice roll 2
Defense strength: 20
Player B's health reduced by 0 to 50
----------------------------------
Player B attacks with dice roll 3
Attack damage: 15
Player A defends with dice roll 5
Defense strength: 25
Player A's health reduced by 0 to 25
----------------------------------
Player A attacks with dice roll 2
Attack damage: 20
Player B defends with dice roll 6
Defense strength: 60
Player B's health reduced by 0 to 50
----------------------------------
Player B attacks with dice roll 3
Attack damage: 15
Player A defends with dice roll 1
Defense strength: 5
Player A's health reduced by 10 to 15
----------------------------------
Player A attacks with dice roll 6
Attack damage: 60
Player B defends with dice roll 1
Defense strength: 10
Player B's health reduced by 50 to 0
----------------------------------
Player B has been defeated!
Player A wins!
]]></system-out>
  </testcase>
  <testcase name="testRunMatchWithPlayerAWinning" classname="MagicalArenaTest" time="0.007">
    <system-out><![CDATA[Player B attacks with dice roll 2
Attack damage: 10
Player A defends with dice roll 1
Defense strength: 5
Player A's health reduced by 5 to 45
----------------------------------
Player A attacks with dice roll 2
Attack damage: 20
Player B defends with dice roll 1
Defense strength: 10
Player B's health reduced by 10 to 20
----------------------------------
Player B attacks with dice roll 2
Attack damage: 10
Player A defends with dice roll 4
Defense strength: 20
Player A's health reduced by 0 to 45
----------------------------------
Player A attacks with dice roll 2
Attack damage: 20
Player B defends with dice roll 2
Defense strength: 20
Player B's health reduced by 0 to 20
----------------------------------
Player B attacks with dice roll 4
Attack damage: 20
Player A defends with dice roll 4
Defense strength: 20
Player A's health reduced by 0 to 45
----------------------------------
Player A attacks with dice roll 6
Attack damage: 60
Player B defends with dice roll 5
Defense strength: 50
Player B's health reduced by 10 to 10
----------------------------------
Player B attacks with dice roll 2
Attack damage: 10
Player A defends with dice roll 3
Defense strength: 15
Player A's health reduced by 0 to 45
----------------------------------
Player A attacks with dice roll 1
Attack damage: 10
Player B defends with dice roll 6
Defense strength: 60
Player B's health reduced by 0 to 10
----------------------------------
Player B attacks with dice roll 6
Attack damage: 30
Player A defends with dice roll 1
Defense strength: 5
Player A's health reduced by 25 to 20
----------------------------------
Player A attacks with dice roll 2
Attack damage: 20
Player B defends with dice roll 3
Defense strength: 30
Player B's health reduced by 0 to 10
----------------------------------
Player B attacks with dice roll 3
Attack damage: 15
Player A defends with dice roll 6
Defense strength: 30
Player A's health reduced by 0 to 20
----------------------------------
Player A attacks with dice roll 6
Attack damage: 60
Player B defends with dice roll 2
Defense strength: 20
Player B's health reduced by 40 to 0
----------------------------------
Player B has been defeated!
Player A wins!
]]></system-out>
  </testcase>
  <testcase name="testRunMatchWithDefenderNeverTakingDamage" classname="MagicalArenaTest" time="1.288">
    <system-out><![CDATA[Player A attacks with dice roll 6
Attack damage: 6
Player B defends with dice roll 4
Defense strength: 4
Player B's health reduced by 2 to 98
----------------------------------
Player B attacks with dice roll 3
Attack damage: 3
Player A defends with dice roll 5
Defense strength: 5000
Player A's health reduced by 0 to 50
----------------------------------
Player A attacks with dice roll 2
Attack damage: 2
Player B defends with dice roll 4
Defense strength: 4
Player B's health reduced by 0 to 98
----------------------------------
Player B attacks with dice roll 2
Attack damage: 2
Player A defends with dice roll 6
Defense strength: 6000
Player A's health reduced by 0 to 50
----------------------------------
Player A attacks with dice roll 3
Attack damage: 3
Player B defends with dice roll 3
Defense strength: 3
Player B's health reduced by 0 to 98
----------------------------------
Player B attacks with dice roll 5
Attack damage: 5
Player A defends with dice roll 2
Defense strength: 2000
Player A's health reduced by 0 to 50
----------------------------------
Player A attacks with dice roll 4
Attack damage: 4
Player B defends with dice roll 4
Defense strength: 4
Player B's health reduced by 0 to 98
----------------------------------
Player B attacks with dice roll 1
Attack damage: 1
Player A defends with dice roll 5
Defense strength: 5000
Player A's health reduced by 0 to 50
----------------------------------
Player A attacks with dice roll 6
Attack damage: 6
Player B defends with dice roll 2
Defense strength: 2
Player B's health reduced by 4 to 94
----------------------------------
Player B attacks with dice roll 3
Attack damage: 3
Player A defends with dice roll 3
Defense strength: 3000
Player A's health reduced by 0 to 50
----------------------------------
Player A attacks with dice roll 5
Attack damage: 5
Player B defends with dice roll 5
Defense strength: 5
Player B's health reduced by 0 to 94
----------------------------------
Player B attacks with dice roll 5
Attack damage: 5
Player A defends with dice roll 6
Defense strength: 6000
Player A's health reduced by 0 to 50
----------------------------------
Player A attacks with dice roll 5
Attack damage: 5
Player B defends with dice roll 2
Defense strength: 2
Player B's health reduced by 3 to 91
----------------------------------
Player B attacks with dice roll 1
Attack damage: 1
Player A defends with dice roll 2
Defense strength: 2000
Player A's health reduced by 0 to 50
----------------------------------
Player A attacks with dice roll 3
Attack damage: 3
Player B defends with dice roll 5
Defense strength: 5
Player B's health reduced by 0 to 91
----------------------------------
Player B attacks with dice roll 3
Attack damage: 3
Player A defends with dice roll 6
Defense strength: 6000
Player A's health reduced by 0 to 50
----------------------------------
Player A attacks with dice roll 4
Attack damage: 4
Player B defends with dice roll 6
Defense strength: 6
Player B's health reduced by 0 to 91
----------------------------------
Player B attacks with dice roll 3
Attack damage: 3
Player A defends with dice roll 1
Defense strength: 1000
Player A's health reduced by 0 to 50
----------------------------------
Player A attacks with dice roll 4
Attack damage: 4
Player B defends with dice roll 5
Defense strength: 5
Player B's health reduced by 0 to 91
----------------------------------
Player B attacks with dice roll 3
Attack damage: 3
Player A defends with dice roll 3
Defense strength: 3000
Player A's health reduced by 0 to 50
----------------------------------
Player A attacks with dice roll 6
Attack damage: 6
Player B defends with dice roll 6
Defense strength: 6
Player B's health reduced by 0 to 91
----------------------------------
Player B attacks with dice roll 1
Attack damage: 1
Player A defends with dice roll 5
Defense strength: 5000
Player A's health reduced by 0 to 50
----------------------------------
Player A attacks with dice roll 4
Attack damage: 4
Player B defends with dice roll 4
Defense strength: 4
Player B's health reduced by 0 to 91
----------------------------------
Player B attacks with dice roll 5
Attack damage: 5
Player A defends with dice roll 1
Defense strength: 1000
Player A's health reduced by 0 to 50
----------------------------------
Player A attacks with dice roll 2
Attack damage: 2
Player B defends with dice roll 4
Defense strength: 4
Player B's health reduced by 0 to 91
----------------------------------
Player B attacks with dice roll 3
Attack damage: 3
Player A defends with dice roll 3
Defense strength: 3000
Player A's health reduced by 0 to 50
----------------------------------
Player A attacks with dice roll 6
Attack damage: 6
Player B defends with dice roll 3
Defense strength: 3
Player B's health reduced by 3 to 88
----------------------------------
Player B attacks with dice roll 1
Attack damage: 1
Player A defends with dice roll 2
Defense strength: 2000
Player A's health reduced by 0 to 50
----------------------------------
Player A attacks with dice roll 3
Attack damage: 3
Player B defends with dice roll 5
Defense strength: 5
Player B's health reduced by 0 to 88
----------------------------------
Player B attacks with dice roll 6
Attack damage: 6
Player A defends with dice roll 1
Defense strength: 1000
Player A's health reduced by 0 to 50
----------------------------------
Player A attacks with dice roll 2
Attack damage: 2
Player B defends with dice roll 6
Defense strength: 6
Player B's health reduced by 0 to 88
----------------------------------
Player B attacks with dice roll 2
Attack damage: 2
Player A defends with dice roll 4
Defense strength: 4000
Player A's health reduced by 0 to 50
----------------------------------
Player A attacks with dice roll 5
Attack damage: 5
Player B defends with dice roll 6
Defense strength: 6
Player B's health reduced by 0 to 88
----------------------------------
Player B attacks with dice roll 6
Attack damage: 6
Player A defends with dice roll 5
Defense strength: 5000
Player A's health reduced by 0 to 50
----------------------------------
Player A attacks with dice roll 1
Attack damage: 1
Player B defends with dice roll 4
Defense strength: 4
Player B's health reduced by 0 to 88
----------------------------------
Player B attacks with dice roll 6
Attack damage: 6
Player A defends with dice roll 6
Defense strength: 6000
Player A's health reduced by 0 to 50
----------------------------------
Player A attacks with dice roll 2
Attack damage: 2
Player B defends with dice roll 1
Defense strength: 1
Player B's health reduced by 1 to 87
----------------------------------
Player B attacks with dice roll 3
Attack damage: 3
Player A defends with dice roll 1
Defense strength: 1000
Player A's health reduced by 0 to 50
----------------------------------
Player A attacks with dice roll 6
Attack damage: 6
Player B defends with dice roll 1
Defense strength: 1
Player B's health reduced by 5 to 82
----------------------------------
Player B attacks with dice roll 2
Attack damage: 2
Player A defends with dice roll 3
Defense strength: 3000
Player A's health reduced by 0 to 50
----------------------------------
Player A attacks with dice roll 1
Attack damage: 1
Player B defends with dice roll 1
Defense strength: 1
Player B's health reduced by 0 to 82
----------------------------------
Player B attacks with dice roll 5
Attack damage: 5
Player A defends with dice roll 3
Defense strength: 3000
Player A's health reduced by 0 to 50
----------------------------------
Player A attacks with dice roll 3
Attack damage: 3
Player B defends with dice roll 2
Defense strength: 2
Player B's health reduced by 1 to 81
----------------------------------
Player B attacks with dice roll 4
Attack damage: 4
Player A defends with dice roll 2
Defense strength: 2000
Player A's health reduced by 0 to 50
----------------------------------
Player A attacks with dice roll 4
Attack damage: 4
Player B defends with dice roll 6
Defense strength: 6
Player B's health reduced by 0 to 81
----------------------------------
Player B attacks with dice roll 4
Attack damage: 4
Player A defends with dice roll 5
Defense strength: 5000
Player A's health reduced by 0 to 50
----------------------------------
Player A attacks with dice roll 5
Attack damage: 5
Player B defends with dice roll 6
Defense strength: 6
Player B's health reduced by 0 to 81
----------------------------------
Player B attacks with dice roll 6
Attack damage: 6
Player A defends with dice roll 6
Defense strength: 6000
Player A's health reduced by 0 to 50
----------------------------------
Player A attacks with dice roll 1
Attack damage: 1
Player B defends with dice roll 5
Defense strength: 5
Player B's health reduced by 0 to 81
----------------------------------
Player B attacks with dice roll 5
Attack damage: 5
Player A defends with dice roll 5
Defense strength: 5000
Player A's health reduced by 0 to 50
----------------------------------
Player A attacks with dice roll 5
Attack damage: 5
Player B defends with dice roll 6
Defense strength: 6
Player B's health reduced by 0 to 81
----------------------------------
Player B attacks with dice roll 5
Attack damage: 5
Player A defends with dice roll 3
Defense strength: 3000
Player A's health reduced by 0 to 50
----------------------------------
Player A attacks with dice roll 6
Attack damage: 6
Player B defends with dice roll 5
Defense strength: 5
Player B's health reduced by 1 to 80
----------------------------------
Player B attacks with dice roll 3
Attack damage: 3
Player A defends with dice roll 1
Defense strength: 1000
Player A's health reduced by 0 to 50
----------------------------------
Player A attacks with dice roll 6
Attack damage: 6
Player B defends with dice roll 6
Defense strength: 6
Player B's health reduced by 0 to 80
----------------------------------
Player B attacks with dice roll 5
Attack damage: 5
Player A defends with dice roll 4
Defense strength: 4000
Player A's health reduced by 0 to 50
----------------------------------
Player A attacks with dice roll 6
Attack damage: 6
Player B defends with dice roll 5
Defense strength: 5
Player B's health reduced by 1 to 79
----------------------------------
Player B attacks with dice roll 5
Attack damage: 5
Player A defends with dice roll 1
Defense strength: 1000
Player A's health reduced by 0 to 50
----------------------------------
Player A attacks with dice roll 5
Attack damage: 5
Player B defends with dice roll 4
Defense strength: 4
Player B's health reduced by 1 to 78
----------------------------------
Player B attacks with dice roll 2
Attack damage: 2
Player A defends with dice roll 2
Defense strength: 2000
Player A's health reduced by 0 to 50
----------------------------------
Player A attacks with dice roll 6
Attack damage: 6
Player B defends with dice roll 2
Defense strength: 2
Player B's health reduced by 4 to 74
----------------------------------
Player B attacks with dice roll 3
Attack damage: 3
Player A defends with dice roll 5
Defense strength: 5000
Player A's health reduced by 0 to 50
----------------------------------
Player A attacks with dice roll 6
Attack damage: 6
Player B defends with dice roll 2
Defense strength: 2
Player B's health reduced by 4 to 70
----------------------------------
Player B attacks with dice roll 2
Attack damage: 2
Player A defends with dice roll 5
Defense strength: 5000
Player A's health reduced by 0 to 50
----------------------------------
Player A attacks with dice roll 4
Attack damage: 4
Player B defends with dice roll 5
Defense strength: 5
Player B's health reduced by 0 to 70
----------------------------------
Player B attacks with dice roll 2
Attack damage: 2
Player A defends with dice roll 4
Defense strength: 4000
Player A's health reduced by 0 to 50
----------------------------------
Player A attacks with dice roll 2
Attack damage: 2
Player B defends with dice roll 6
Defense strength: 6
Player B's health reduced by 0 to 70
----------------------------------
Player B attacks with dice roll 2
Attack damage: 2
Player A defends with dice roll 2
Defense strength: 2000
Player A's health reduced by 0 to 50
----------------------------------
Player A attacks with dice roll 1
Attack damage: 1
Player B defends with dice roll 4
Defense strength: 4
Player B's health reduced by 0 to 70
----------------------------------
Player B attacks with dice roll 5
Attack damage: 5
Player A defends with dice roll 3
Defense strength: 3000
Player A's health reduced by 0 to 50
----------------------------------
Player A attacks with dice roll 1
Attack damage: 1
Player B defends with dice roll 5
Defense strength: 5
Player B's health reduced by 0 to 70
----------------------------------
Player B attacks with dice roll 4
Attack damage: 4
Player A defends with dice roll 3
Defense strength: 3000
Player A's health reduced by 0 to 50
----------------------------------
Player A attacks with dice roll 4
Attack damage: 4
Player B defends with dice roll 6
Defense strength: 6
Player B's health reduced by 0 to 70
----------------------------------
Player B attacks with dice roll 1
Attack damage: 1
Player A defends with dice roll 1
Defense strength: 1000
Player A's health reduced by 0 to 50
----------------------------------
Player A attacks with dice roll 6
Attack damage: 6
Player B defends with dice roll 5
Defense strength: 5
Player B's health reduced by 1 to 69
----------------------------------
Player B attacks with dice roll 6
Attack damage: 6
Player A defends with dice roll 3
Defense strength: 3000
Player A's health reduced by 0 to 50
----------------------------------
Player A attacks with dice roll 3
Attack damage: 3
Player B defends with dice roll 1
Defense strength: 1
Player B's health reduced by 2 to 67
----------------------------------
Player B attacks with dice roll 5
Attack damage: 5
Player A defends with dice roll 6
Defense strength: 6000
Player A's health reduced by 0 to 50
----------------------------------
Player A attacks with dice roll 5
Attack damage: 5
Player B defends with dice roll 4
Defense strength: 4
Player B's health reduced by 1 to 66
----------------------------------
Player B attacks with dice roll 3
Attack damage: 3
Player A defends with dice roll 3
Defense strength: 3000
Player A's health reduced by 0 to 50
----------------------------------
Player A attacks with dice roll 1
Attack damage: 1
Player B defends with dice roll 6
Defense strength: 6
Player B's health reduced by 0 to 66
----------------------------------
Player B attacks with dice roll 6
Attack damage: 6
Player A defends with dice roll 6
Defense strength: 6000
Player A's health reduced by 0 to 50
----------------------------------
Player A attacks with dice roll 2
Attack damage: 2
Player B defends with dice roll 6
Defense strength: 6
Player B's health reduced by 0 to 66
----------------------------------
Player B attacks with dice roll 4
Attack damage: 4
Player A defends with dice roll 5
Defense strength: 5000
Player A's health reduced by 0 to 50
----------------------------------
Player A attacks with dice roll 2
Attack damage: 2
Player B defends with dice roll 4
Defense strength: 4
Player B's health reduced by 0 to 66
----------------------------------
Player B attacks with dice roll 4
Attack damage: 4
Player A defends with dice roll 6
Defense strength: 6000
Player A's health reduced by 0 to 50
----------------------------------
Player A attacks with dice roll 5
Attack damage: 5
Player B defends with dice roll 2
Defense strength: 2
Player B's health reduced by 3 to 63
----------------------------------
Player B attacks with dice roll 6
Attack damage: 6
Player A defends with dice roll 5
Defense strength: 5000
Player A's health reduced by 0 to 50
----------------------------------
Player A attacks with dice roll 3
Attack damage: 3
Player B defends with dice roll 1
Defense strength: 1
Player B's health reduced by 2 to 61
----------------------------------
Player B attacks with dice roll 4
Attack damage: 4
Player A defends with dice roll 6
Defense strength: 6000
Player A's health reduced by 0 to 50
----------------------------------
Player A attacks with dice roll 1
Attack damage: 1
Player B defends with dice roll 2
Defense strength: 2
Player B's health reduced by 0 to 61
----------------------------------
Player B attacks with dice roll 6
Attack damage: 6
Player A defends with dice roll 3
Defense strength: 3000
Player A's health reduced by 0 to 50
----------------------------------
Player A attacks with dice roll 6
Attack damage: 6
Player B defends with dice roll 5
Defense strength: 5
Player B's health reduced by 1 to 60
----------------------------------
Player B attacks with dice roll 2
Attack damage: 2
Player A defends with dice roll 3
Defense strength: 3000
Player A's health reduced by 0 to 50
----------------------------------
Player A attacks with dice roll 2
Attack damage: 2
Player B defends with dice roll 5
Defense strength: 5
Player B's health reduced by 0 to 60
----------------------------------
Player B attacks with dice roll 6
Attack damage: 6
Player A defends with dice roll 5
Defense strength: 5000
Player A's health reduced by 0 to 50
----------------------------------
Player A attacks with dice roll 4
Attack damage: 4
Player B defends with dice roll 4
Defense strength: 4
Player B's health reduced by 0 to 60
----------------------------------
Player B attacks with dice roll 6
Attack damage: 6
Player A defends with dice roll 4
Defense strength: 4000
Player A's health reduced by 0 to 50
----------------------------------
Player A attacks with dice roll 1
Attack damage: 1
Player B defends with dice roll 5
Defense strength: 5
Player B's health reduced by 0 to 60
----------------------------------
Player B attacks with dice roll 5
Attack damage: 5
Player A defends with dice roll 6
Defense strength: 6000
Player A's health reduced by 0 to 50
----------------------------------
Player A attacks with dice roll 2
Attack damage: 2
Player B defends with dice roll 4
Defense strength: 4
Player B's health reduced by 0 to 60
----------------------------------
Player B attacks with dice roll 6
Attack damage: 6
Player A defends with dice roll 5
Defense strength: 5000
Player A's health reduced by 0 to 50
----------------------------------
Player A attacks with dice roll 2
Attack damage: 2
Player B defends with dice roll 1
Defense strength: 1
Player B's health reduced by 1 to 59
----------------------------------
Player B attacks with dice roll 3
Attack damage: 3
Player A defends with dice roll 2
Defense strength: 2000
Player A's health reduced by 0 to 50
----------------------------------
Player A attacks with dice roll 3
Attack damage: 3
Player B defends with dice roll 3
Defense strength: 3
Player B's health reduced by 0 to 59
----------------------------------
Player B attacks with dice roll 5
Attack damage: 5
Player A defends with dice roll 1
Defense strength: 1000
Player A's health reduced by 0 to 50
----------------------------------
Player A attacks with dice roll 5
Attack damage: 5
Player B defends with dice roll 5
Defense strength: 5
Player B's health reduced by 0 to 59
----------------------------------
Player B attacks with dice roll 6
Attack damage: 6
Player A defends with dice roll 5
Defense strength: 5000
Player A's health reduced by 0 to 50
----------------------------------
Player A attacks with dice roll 5
Attack damage: 5
Player B defends with dice roll 6
Defense strength: 6
Player B's health reduced by 0 to 59
----------------------------------
Player B attacks with dice roll 6
Attack damage: 6
Player A defends with dice roll 1
Defense strength: 1000
Player A's health reduced by 0 to 50
----------------------------------
Player A attacks with dice roll 6
Attack damage: 6
Player B defends with dice roll 2
Defense strength: 2
Player B's health reduced by 4 to 55
----------------------------------
Player B attacks with dice roll 4
Attack damage: 4
Player A defends with dice roll 3
Defense strength: 3000
Player A's health reduced by 0 to 50
----------------------------------
Player A attacks with dice roll 5
Attack damage: 5
Player B defends with dice roll 1
Defense strength: 1
Player B's health reduced by 4 to 51
----------------------------------
Player B attacks with dice roll 5
Attack damage: 5
Player A defends with dice roll 6
Defense strength: 6000
Player A's health reduced by 0 to 50
----------------------------------
Player A attacks with dice roll 1
Attack damage: 1
Player B defends with dice roll 1
Defense strength: 1
Player B's health reduced by 0 to 51
----------------------------------
Player B attacks with dice roll 3
Attack damage: 3
Player A defends with dice roll 3
Defense strength: 3000
Player A's health reduced by 0 to 50
----------------------------------
Player A attacks with dice roll 6
Attack damage: 6
Player B defends with dice roll 1
Defense strength: 1
Player B's health reduced by 5 to 46
----------------------------------
Player B attacks with dice roll 6
Attack damage: 6
Player A defends with dice roll 1
Defense strength: 1000
Player A's health reduced by 0 to 50
----------------------------------
Player A attacks with dice roll 1
Attack damage: 1
Player B defends with dice roll 1
Defense strength: 1
Player B's health reduced by 0 to 46
----------------------------------
Player B attacks with dice roll 6
Attack damage: 6
Player A defends with dice roll 1
Defense strength: 1000
Player A's health reduced by 0 to 50
----------------------------------
Player A attacks with dice roll 5
Attack damage: 5
Player B defends with dice roll 2
Defense strength: 2
Player B's health reduced by 3 to 43
----------------------------------
Player B attacks with dice roll 4
Attack damage: 4
Player A defends with dice roll 3
Defense strength: 3000
Player A's health reduced by 0 to 50
----------------------------------
Player A attacks with dice roll 3
Attack damage: 3
Player B defends with dice roll 2
Defense strength: 2
Player B's health reduced by 1 to 42
----------------------------------
Player B attacks with dice roll 1
Attack damage: 1
Player A defends with dice roll 1
Defense strength: 1000
Player A's health reduced by 0 to 50
----------------------------------
Player A attacks with dice roll 2
Attack damage: 2
Player B defends with dice roll 4
Defense strength: 4
Player B's health reduced by 0 to 42
----------------------------------
Player B attacks with dice roll 4
Attack damage: 4
Player A defends with dice roll 2
Defense strength: 2000
Player A's health reduced by 0 to 50
----------------------------------
Player A attacks with dice roll 6
Attack damage: 6
Player B defends with dice roll 3
Defense strength: 3
Player B's health reduced by 3 to 39
----------------------------------
Player B attacks with dice roll 1
Attack damage: 1
Player A defends with dice roll 1
Defense strength: 1000
Player A's health reduced by 0 to 50
----------------------------------
Player A attacks with dice roll 6
Attack damage: 6
Player B defends with dice roll 1
Defense strength: 1
Player B's health reduced by 5 to 34
----------------------------------
Player B attacks with dice roll 4
Attack damage: 4
Player A defends with dice roll 6
Defense strength: 6000
Player A's health reduced by 0 to 50
----------------------------------
Player A attacks with dice roll 6
Attack damage: 6
Player B defends with dice roll 4
Defense strength: 4
Player B's health reduced by 2 to 32
----------------------------------
Player B attacks with dice roll 2
Attack damage: 2
Player A defends with dice roll 5
Defense strength: 5000
Player A's health reduced by 0 to 50
----------------------------------
Player A attacks with dice roll 4
Attack damage: 4
Player B defends with dice roll 2
Defense strength: 2
Player B's health reduced by 2 to 30
----------------------------------
Player B attacks with dice roll 5
Attack damage: 5
Player A defends with dice roll 5
Defense strength: 5000
Player A's health reduced by 0 to 50
----------------------------------
Player A attacks with dice roll 6
Attack damage: 6
Player B defends with dice roll 1
Defense strength: 1
Player B's health reduced by 5 to 25
----------------------------------
Player B attacks with dice roll 5
Attack damage: 5
Player A defends with dice roll 3
Defense strength: 3000
Player A's health reduced by 0 to 50
----------------------------------
Player A attacks with dice roll 4
Attack damage: 4
Player B defends with dice roll 6
Defense strength: 6
Player B's health reduced by 0 to 25
----------------------------------
Player B attacks with dice roll 4
Attack damage: 4
Player A defends with dice roll 3
Defense strength: 3000
Player A's health reduced by 0 to 50
----------------------------------
Player A attacks with dice roll 4
Attack damage: 4
Player B defends with dice roll 4
Defense strength: 4
Player B's health reduced by 0 to 25
----------------------------------
Player B attacks with dice roll 5
Attack damage: 5
Player A defends with dice roll 2
Defense strength: 2000
Player A's health reduced by 0 to 50
----------------------------------
Player A attacks with dice roll 3
Attack damage: 3
Player B defends with dice roll 6
Defense strength: 6
Player B's health reduced by 0 to 25
----------------------------------
Player B attacks with dice roll 3
Attack damage: 3
Player A defends with dice roll 2
Defense strength: 2000
Player A's health reduced by 0 to 50
----------------------------------
Player A attacks with dice roll 1
Attack damage: 1
Player B defends with dice roll 4
Defense strength: 4
Player B's health reduced by 0 to 25
----------------------------------
Player B attacks with dice roll 6
Attack damage: 6
Player A defends with dice roll 1
Defense strength: 1000
Player A's health reduced by 0 to 50
----------------------------------
Player A attacks with dice roll 4
Attack damage: 4
Player B defends with dice roll 4
Defense strength: 4
Player B's health reduced by 0 to 25
----------------------------------
Player B attacks with dice roll 3
Attack damage: 3
Player A defends with dice roll 1
Defense strength: 1000
Player A's health reduced by 0 to 50
----------------------------------
Player A attacks with dice roll 5
Attack damage: 5
Player B defends with dice roll 4
Defense strength: 4
Player B's health reduced by 1 to 24
----------------------------------
Player B attacks with dice roll 5
Attack damage: 5
Player A defends with dice roll 3
Defense strength: 3000
Player A's health reduced by 0 to 50
----------------------------------
Player A attacks with dice roll 2
Attack damage: 2
Player B defends with dice roll 2
Defense strength: 2
Player B's health reduced by 0 to 24
----------------------------------
Player B attacks with dice roll 1
Attack damage: 1
Player A defends with dice roll 3
Defense strength: 3000
Player A's health reduced by 0 to 50
----------------------------------
Player A attacks with dice roll 3
Attack damage: 3
Player B defends with dice roll 1
Defense strength: 1
Player B's health reduced by 2 to 22
----------------------------------
Player B attacks with dice roll 4
Attack damage: 4
Player A defends with dice roll 2
Defense strength: 2000
Player A's health reduced by 0 to 50
----------------------------------
Player A attacks with dice roll 3
Attack damage: 3
Player B defends with dice roll 6
Defense strength: 6
Player B's health reduced by 0 to 22
----------------------------------
Player B attacks with dice roll 1
Attack damage: 1
Player A defends with dice roll 3
Defense strength: 3000
Player A's health reduced by 0 to 50
----------------------------------
Player A attacks with dice roll 3
Attack damage: 3
Player B defends with dice roll 1
Defense strength: 1
Player B's health reduced by 2 to 20
----------------------------------
Player B attacks with dice roll 3
Attack damage: 3
Player A defends with dice roll 2
Defense strength: 2000
Player A's health reduced by 0 to 50
----------------------------------
Player A attacks with dice roll 2
Attack damage: 2
Player B defends with dice roll 5
Defense strength: 5
Player B's health reduced by 0 to 20
----------------------------------
Player B attacks with dice roll 6
Attack damage: 6
Player A defends with dice roll 1
Defense strength: 1000
Player A's health reduced by 0 to 50
----------------------------------
Player A attacks with dice roll 3
Attack damage: 3
Player B defends with dice roll 3
Defense strength: 3
Player B's health reduced by 0 to 20
----------------------------------
Player B attacks with dice roll 3
Attack damage: 3
Player A defends with dice roll 4
Defense strength: 4000
Player A's health reduced by 0 to 50
----------------------------------
Player A attacks with dice roll 4
Attack damage: 4
Player B defends with dice roll 3
Defense strength: 3
Player B's health reduced by 1 to 19
----------------------------------
Player B attacks with dice roll 4
Attack damage: 4
Player A defends with dice roll 6
Defense strength: 6000
Player A's health reduced by 0 to 50
----------------------------------
Player A attacks with dice roll 4
Attack damage: 4
Player B defends with dice roll 4
Defense strength: 4
Player B's health reduced by 0 to 19
----------------------------------
Player B attacks with dice roll 5
Attack damage: 5
Player A defends with dice roll 4
Defense strength: 4000
Player A's health reduced by 0 to 50
----------------------------------
Player A attacks with dice roll 2
Attack damage: 2
Player B defends with dice roll 5
Defense strength: 5
Player B's health reduced by 0 to 19
----------------------------------
Player B attacks with dice roll 1
Attack damage: 1
Player A defends with dice roll 6
Defense strength: 6000
Player A's health reduced by 0 to 50
----------------------------------
Player A attacks with dice roll 4
Attack damage: 4
Player B defends with dice roll 4
Defense strength: 4
Player B's health reduced by 0 to 19
----------------------------------
Player B attacks with dice roll 4
Attack damage: 4
Player A defends with dice roll 5
Defense strength: 5000
Player A's health reduced by 0 to 50
----------------------------------
Player A attacks with dice roll 2
Attack damage: 2
Player B defends with dice roll 4
Defense strength: 4
Player B's health reduced by 0 to 19
----------------------------------
Player B attacks with dice roll 6
Attack damage: 6
Player A defends with dice roll 3
Defense strength: 3000
Player A's health reduced by 0 to 50
----------------------------------
Player A attacks with dice roll 1
Attack damage: 1
Player B defends with dice roll 2
Defense strength: 2
Player B's health reduced by 0 to 19
----------------------------------
Player B attacks with dice roll 1
Attack damage: 1
Player A defends with dice roll 5
Defense strength: 5000
Player A's health reduced by 0 to 50
----------------------------------
Player A attacks with dice roll 6
Attack damage: 6
Player B defends with dice roll 5
Defense strength: 5
Player B's health reduced by 1 to 18
----------------------------------
Player B attacks with dice roll 6
Attack damage: 6
Player A defends with dice roll 4
Defense strength: 4000
Player A's health reduced by 0 to 50
----------------------------------
Player A attacks with dice roll 3
Attack damage: 3
Player B defends with dice roll 6
Defense strength: 6
Player B's health reduced by 0 to 18
----------------------------------
Player B attacks with dice roll 6
Attack damage: 6
Player A defends with dice roll 1
Defense strength: 1000
Player A's health reduced by 0 to 50
----------------------------------
Player A attacks with dice roll 1
Attack damage: 1
Player B defends with dice roll 5
Defense strength: 5
Player B's health reduced by 0 to 18
----------------------------------
Player B attacks with dice roll 1
Attack damage: 1
Player A defends with dice roll 1
Defense strength: 1000
Player A's health reduced by 0 to 50
----------------------------------
Player A attacks with dice roll 5
Attack damage: 5
Player B defends with dice roll 4
Defense strength: 4
Player B's health reduced by 1 to 17
----------------------------------
Player B attacks with dice roll 4
Attack damage: 4
Player A defends with dice roll 1
Defense strength: 1000
Player A's health reduced by 0 to 50
----------------------------------
Player A attacks with dice roll 6
Attack damage: 6
Player B defends with dice roll 3
Defense strength: 3
Player B's health reduced by 3 to 14
----------------------------------
Player B attacks with dice roll 4
Attack damage: 4
Player A defends with dice roll 1
Defense strength: 1000
Player A's health reduced by 0 to 50
----------------------------------
Player A attacks with dice roll 6
Attack damage: 6
Player B defends with dice roll 3
Defense strength: 3
Player B's health reduced by 3 to 11
----------------------------------
Player B attacks with dice roll 4
Attack damage: 4
Player A defends with dice roll 1
Defense strength: 1000
Player A's health reduced by 0 to 50
----------------------------------
Player A attacks with dice roll 4
Attack damage: 4
Player B defends with dice roll 4
Defense strength: 4
Player B's health reduced by 0 to 11
----------------------------------
Player B attacks with dice roll 1
Attack damage: 1
Player A defends with dice roll 1
Defense strength: 1000
Player A's health reduced by 0 to 50
----------------------------------
Player A attacks with dice roll 5
Attack damage: 5
Player B defends with dice roll 1
Defense strength: 1
Player B's health reduced by 4 to 7
----------------------------------
Player B attacks with dice roll 5
Attack damage: 5
Player A defends with dice roll 3
Defense strength: 3000
Player A's health reduced by 0 to 50
----------------------------------
Player A attacks with dice roll 6
Attack damage: 6
Player B defends with dice roll 4
Defense strength: 4
Player B's health reduced by 2 to 5
----------------------------------
Player B attacks with dice roll 6
Attack damage: 6
Player A defends with dice roll 2
Defense strength: 2000
Player A's health reduced by 0 to 50
----------------------------------
Player A attacks with dice roll 4
Attack damage: 4
Player B defends with dice roll 5
Defense strength: 5
Player B's health reduced by 0 to 5
----------------------------------
Player B attacks with dice roll 5
Attack damage: 5
Player A defends with dice roll 3
Defense strength: 3000
Player A's health reduced by 0 to 50
----------------------------------
Player A attacks with dice roll 2
Attack damage: 2
Player B defends with dice roll 6
Defense strength: 6
Player B's health reduced by 0 to 5
----------------------------------
Player B attacks with dice roll 3
Attack damage: 3
Player A defends with dice roll 6
Defense strength: 6000
Player A's health reduced by 0 to 50
----------------------------------
Player A attacks with dice roll 1
Attack damage: 1
Player B defends with dice roll 6
Defense strength: 6
Player B's health reduced by 0 to 5
----------------------------------
Player B attacks with dice roll 2
Attack damage: 2
Player A defends with dice roll 3
Defense strength: 3000
Player A's health reduced by 0 to 50
----------------------------------
Player A attacks with dice roll 4
Attack damage: 4
Player B defends with dice roll 3
Defense strength: 3
Player B's health reduced by 1 to 4
----------------------------------
Player B attacks with dice roll 1
Attack damage: 1
Player A defends with dice roll 6
Defense strength: 6000
Player A's health reduced by 0 to 50
----------------------------------
Player A attacks with dice roll 1
Attack damage: 1
Player B defends with dice roll 6
Defense strength: 6
Player B's health reduced by 0 to 4
----------------------------------
Player B attacks with dice roll 2
Attack damage: 2
Player A defends with dice roll 4
Defense strength: 4000
Player A's health reduced by 0 to 50
----------------------------------
Player A attacks with dice roll 4
Attack damage: 4
Player B defends with dice roll 1
Defense strength: 1
Player B's health reduced by 3 to 1
----------------------------------
Player B attacks with dice roll 6
Attack damage: 6
Player A defends with dice roll 3
Defense strength: 3000
Player A's health reduced by 0 to 50
----------------------------------
Player A attacks with dice roll 6
Attack damage: 6
Player B defends with dice roll 4
Defense strength: 4
Player B's health reduced by 2 to 0
----------------------------------
Player B has been defeated!
Player A wins!
]]></system-out>
  </testcase>
  <testcase name="testRunMatchWithPlayerBWinning" classname="MagicalArenaTest" time="0.001">
    <system-out><![CDATA[Player A attacks with dice roll 5
Attack damage: 50
Player B defends with dice roll 2
Defense strength: 20
Player B's health reduced by 30 to 70
----------------------------------
Player B attacks with dice roll 1
Attack damage: 15
Player A defends with dice roll 6
Defense strength: 30
Player A's health reduced by 0 to 30
----------------------------------
Player A attacks with dice roll 5
Attack damage: 50
Player B defends with dice roll 2
Defense strength: 20
Player B's health reduced by 30 to 40
----------------------------------
Player B attacks with dice roll 4
Attack damage: 60
Player A defends with dice roll 4
Defense strength: 20
Player A's health reduced by 40 to 0
----------------------------------
Player A has been defeated!
Player B wins!
]]></system-out>
  </testcase>
</testsuite>